# JRE version: Java(TM) SE Runtime Environment 18.9 (11.0.11+9) (build 11.0.11+9-LTS-194)
# Java VM: Java HotSpot(TM) 64-Bit Server VM 18.9 (11.0.11+9-LTS-194, mixed mode, tiered, compressed oops, g1 gc, windows-amd64)
Heap:
 garbage-first heap   total 126976K, used 17080K [0x0000000084c00000, 0x0000000100000000)
  region size 1024K, 3 young (3072K), 3 survivors (3072K)
 Metaspace       used 39906K, capacity 41240K, committed 41424K, reserved 1095680K
  class space    used 5100K, capacity 5636K, committed 5760K, reserved 1048576K
GC Heap History (10 events):
Event: 5.411 GC heap before
{Heap before GC invocations=3 (full 0):
 garbage-first heap   total 126976K, used 43851K [0x0000000084c00000, 0x0000000100000000)
  region size 1024K, 40 young (40960K), 5 survivors (5120K)
 Metaspace       used 23653K, capacity 24378K, committed 24624K, reserved 1071104K
  class space    used 2786K, capacity 3086K, committed 3200K, reserved 1048576K
}
Event: 5.422 GC heap after
{Heap after GC invocations=4 (full 0):
 garbage-first heap   total 126976K, used 9987K [0x0000000084c00000, 0x0000000100000000)
  region size 1024K, 3 young (3072K), 3 survivors (3072K)
 Metaspace       used 23653K, capacity 24378K, committed 24624K, reserved 1071104K
  class space    used 2786K, capacity 3086K, committed 3200K, reserved 1048576K
}
Event: 6.189 GC heap before
{Heap before GC invocations=4 (full 0):
 garbage-first heap   total 126976K, used 62211K [0x0000000084c00000, 0x0000000100000000)
  region size 1024K, 55 young (56320K), 3 survivors (3072K)
 Metaspace       used 25629K, capacity 26463K, committed 26672K, reserved 1073152K
  class space    used 3072K, capacity 3417K, committed 3456K, reserved 1048576K
}
Event: 6.198 GC heap after
{Heap after GC invocations=5 (full 0):
 garbage-first heap   total 126976K, used 11147K [0x0000000084c00000, 0x0000000100000000)
  region size 1024K, 4 young (4096K), 4 survivors (4096K)
 Metaspace       used 25629K, capacity 26463K, committed 26672K, reserved 1073152K
  class space    used 3072K, capacity 3417K, committed 3456K, reserved 1048576K
}
Event: 7.923 GC heap before
{Heap before GC invocations=5 (full 0):
 garbage-first heap   total 126976K, used 73611K [0x0000000084c00000, 0x0000000100000000)
  region size 1024K, 65 young (66560K), 4 survivors (4096K)
 Metaspace       used 32471K, capacity 33662K, committed 33968K, reserved 1079296K
  class space    used 4019K, capacity 4520K, committed 4608K, reserved 1048576K
}
Event: 7.946 GC heap after
{Heap after GC invocations=6 (full 0):
 garbage-first heap   total 126976K, used 14219K [0x0000000084c00000, 0x0000000100000000)
  region size 1024K, 7 young (7168K), 7 survivors (7168K)
 Metaspace       used 32471K, capacity 33662K, committed 33968K, reserved 1079296K
  class space    used 4019K, capacity 4520K, committed 4608K, reserved 1048576K
}
Event: 8.557 GC heap before
{Heap before GC invocations=6 (full 0):
 garbage-first heap   total 126976K, used 67467K [0x0000000084c00000, 0x0000000100000000)
  region size 1024K, 61 young (62464K), 7 survivors (7168K)
 Metaspace       used 34533K, capacity 35800K, committed 35920K, reserved 1081344K
  class space    used 4262K, capacity 4809K, committed 4864K, reserved 1048576K
}
Event: 8.571 GC heap after
{Heap after GC invocations=7 (full 0):
 garbage-first heap   total 126976K, used 16384K [0x0000000084c00000, 0x0000000100000000)
  region size 1024K, 7 young (7168K), 7 survivors (7168K)
 Metaspace       used 34533K, capacity 35800K, committed 35920K, reserved 1081344K
  class space    used 4262K, capacity 4809K, committed 4864K, reserved 1048576K
}
Event: 9.795 GC heap before
{Heap before GC invocations=8 (full 0):
 garbage-first heap   total 126976K, used 46080K [0x0000000084c00000, 0x0000000100000000)
  region size 1024K, 37 young (37888K), 7 survivors (7168K)
 Metaspace       used 39906K, capacity 41240K, committed 41424K, reserved 1093632K
  class space    used 5100K, capacity 5636K, committed 5760K, reserved 1048576K
}
Event: 9.806 GC heap after
{Heap after GC invocations=9 (full 0):
 garbage-first heap   total 126976K, used 17080K [0x0000000084c00000, 0x0000000100000000)
  region size 1024K, 3 young (3072K), 3 survivors (3072K)
 Metaspace       used 39906K, capacity 41240K, committed 41424K, reserved 1093632K
  class space    used 5100K, capacity 5636K, committed 5760K, reserved 1048576K
}

